SF:lib/app/core/validators/vin_validator.dart
DA:4,0
DA:5,6
DA:6,6
DA:10,0
DA:12,2
DA:13,2
DA:17,4
DA:21,4
DA:25,6
LF:9
LH:7
end_of_record
SF:lib/app/common/auth/data/model/user_model.dart
DA:5,11
DA:10,1
DA:11,1
DA:12,1
DA:13,1
DA:20,0
DA:24,0
DA:25,0
DA:26,0
DA:30,1
DA:31,1
DA:32,1
DA:33,1
DA:37,2
DA:38,6
LF:15
LH:11
end_of_record
SF:lib/app/common/local_database/adapters/user_box.g.dart
DA:13,0
DA:15,0
DA:16,0
DA:17,0
DA:19,0
DA:20,0
DA:21,0
DA:25,1
DA:28,1
DA:29,1
DA:30,2
DA:31,1
DA:32,2
DA:35,0
DA:36,0
DA:38,0
DA:41,0
DA:42,0
DA:43,0
LF:19
LH:6
end_of_record
SF:lib/app/common/local_database/adapters/user_box.dart
DA:7,1
LF:1
LH:1
end_of_record
SF:lib/app/core/errors/failure.dart
DA:4,124
DA:7,0
DA:8,0
DA:10,0
DA:11,0
LF:5
LH:1
end_of_record
SF:lib/app/core/errors/users_errors.dart
DA:4,67
DA:8,53
DA:10,1
DA:11,2
DA:15,14
DA:17,1
DA:18,2
LF:7
LH:7
end_of_record
SF:lib/app/features/home/domain/use_case/get_user.dart
DA:10,1
DA:13,1
DA:16,1
DA:17,2
LF:4
LH:4
end_of_record
SF:lib/app/features/home/domain/use_case/logout_user.dart
DA:8,1
DA:12,1
DA:14,2
DA:15,3
LF:4
LH:4
end_of_record
SF:lib/app/features/home/presentation/cubit/user_info_state.dart
DA:4,21
DA:6,0
DA:7,0
DA:11,20
DA:13,0
DA:14,0
DA:18,3
DA:21,1
DA:22,2
DA:26,2
DA:29,1
DA:30,1
DA:34,19
DA:37,1
DA:38,2
LF:15
LH:11
end_of_record
SF:lib/app/features/home/presentation/cubit/user_info_cubit.dart
DA:12,2
DA:17,1
DA:19,2
DA:20,2
DA:22,1
DA:26,1
DA:27,2
DA:30,2
DA:31,2
DA:33,2
LF:10
LH:10
end_of_record
SF:lib/app/features/splash/domain/use_case/verify_user.dart
DA:10,1
DA:13,1
DA:16,1
DA:17,2
LF:4
LH:4
end_of_record
SF:lib/app/features/splash/presentation/cubit/splash_state.dart
DA:4,15
DA:6,0
DA:7,0
DA:11,15
DA:13,1
DA:14,1
DA:18,15
DA:20,1
DA:21,1
DA:25,15
DA:27,1
DA:28,1
LF:12
LH:10
end_of_record
SF:lib/app/features/splash/presentation/cubit/splash_cubit.dart
DA:8,2
DA:12,1
DA:14,1
DA:15,2
DA:16,1
DA:18,1
LF:6
LH:6
end_of_record
SF:lib/app/common/client/cos_client.dart
DA:17,0
DA:79,0
DA:80,0
DA:81,0
DA:82,0
DA:83,0
DA:84,0
DA:85,0
DA:86,0
DA:87,0
DA:88,0
DA:89,0
DA:90,0
DA:93,0
DA:94,0
DA:106,0
DA:112,0
DA:114,0
DA:116,0
DA:121,0
DA:127,0
DA:144,0
DA:146,0
DA:148,0
DA:158,0
DA:159,0
DA:165,0
DA:167,0
DA:168,0
DA:176,0
DA:180,0
DA:181,0
DA:182,0
LF:33
LH:0
end_of_record
SF:lib/app/common/local_database/adapters/car_info_box.g.dart
DA:13,0
DA:15,0
DA:16,0
DA:17,0
DA:19,0
DA:20,0
DA:21,0
DA:22,0
DA:23,0
DA:24,0
DA:25,0
DA:26,0
DA:27,0
DA:28,0
DA:29,0
DA:30,0
DA:31,0
DA:32,0
DA:33,0
DA:34,0
DA:35,0
DA:39,0
DA:42,0
DA:43,0
DA:44,0
DA:45,0
DA:46,0
DA:47,0
DA:48,0
DA:49,0
DA:50,0
DA:51,0
DA:52,0
DA:53,0
DA:54,0
DA:55,0
DA:56,0
DA:57,0
DA:58,0
DA:59,0
DA:60,0
DA:61,0
DA:62,0
DA:63,0
DA:64,0
DA:65,0
DA:66,0
DA:67,0
DA:68,0
DA:69,0
DA:70,0
DA:71,0
DA:72,0
DA:73,0
DA:74,0
DA:77,0
DA:78,0
DA:80,0
DA:83,0
DA:84,0
DA:85,0
LF:61
LH:0
end_of_record
SF:lib/app/common/local_database/adapters/car_info_box.dart
DA:7,0
LF:1
LH:0
end_of_record
SF:lib/app/common/router/app_routes.dart
DA:13,0
DA:15,0
DA:16,0
DA:17,0
DA:18,0
DA:20,0
DA:21,0
DA:23,0
DA:24,0
DA:25,0
DA:29,0
DA:32,0
DA:33,0
DA:38,0
DA:39,0
DA:40,0
DA:41,0
LF:17
LH:0
end_of_record
SF:lib/app/common/router/routes.dart
DA:2,0
LF:1
LH:0
end_of_record
SF:lib/app/features/home/data/model/car_info_model.dart
DA:6,6
DA:24,6
DA:26,6
DA:27,6
DA:28,6
DA:29,6
DA:30,6
DA:31,6
DA:32,6
DA:33,6
DA:34,6
DA:35,6
DA:36,6
DA:37,6
DA:38,6
DA:39,6
DA:40,6
DA:41,6
DA:42,6
DA:49,0
DA:50,0
DA:51,0
DA:52,0
DA:53,0
DA:54,0
DA:55,0
DA:56,0
DA:57,0
DA:58,0
DA:59,0
DA:60,0
DA:61,0
DA:62,0
DA:63,0
DA:64,0
DA:65,0
DA:66,0
DA:87,0
DA:88,0
DA:89,0
DA:90,0
DA:91,0
DA:92,0
DA:93,0
DA:94,0
DA:95,0
DA:96,0
DA:97,0
DA:98,0
DA:99,0
DA:100,0
DA:101,0
DA:102,0
DA:103,0
DA:104,0
DA:109,0
DA:127,0
DA:128,0
DA:129,0
DA:130,0
DA:131,0
DA:132,0
DA:133,0
DA:134,0
DA:135,0
DA:136,0
DA:137,0
DA:138,0
DA:140,0
DA:141,0
DA:143,0
DA:144,0
DA:146,0
DA:150,2
DA:151,2
DA:152,2
DA:153,2
DA:154,2
DA:155,2
DA:156,2
DA:157,2
DA:158,2
DA:159,2
DA:160,2
DA:161,2
DA:162,2
DA:163,2
DA:164,2
DA:165,2
DA:166,2
DA:167,2
LF:91
LH:37
end_of_record
SF:lib/app/features/home/presentation/page/car_info_page.dart
DA:7,1
DA:11,1
DA:13,1
DA:15,1
DA:18,1
DA:20,1
DA:22,1
DA:24,1
DA:27,1
DA:28,1
DA:29,1
DA:38,1
DA:39,5
DA:46,1
DA:47,4
DA:54,1
DA:55,2
DA:62,1
DA:63,3
DA:70,1
DA:71,3
LF:21
LH:21
end_of_record
SF:lib/app/common/router/delegate/router_delegate.dart
DA:4,0
DA:5,0
DA:8,0
DA:9,0
DA:12,0
DA:13,0
DA:16,0
DA:17,0
DA:20,0
DA:21,0
DA:24,0
DA:25,0
DA:30,1
DA:31,2
DA:34,0
DA:35,0
DA:38,0
DA:39,0
LF:18
LH:2
end_of_record
SF:lib/app/features/home/presentation/page/home_page.dart
DA:19,14
DA:21,1
DA:22,1
DA:32,1
DA:34,3
DA:35,3
DA:36,1
DA:39,1
DA:41,2
DA:42,2
DA:43,1
DA:46,1
DA:47,3
DA:48,1
DA:51,3
DA:52,1
DA:53,1
DA:60,1
DA:61,3
DA:62,2
DA:66,1
DA:68,2
DA:69,1
DA:70,1
DA:71,1
DA:72,2
DA:74,1
DA:75,2
DA:78,1
DA:80,1
DA:81,1
DA:82,1
DA:83,1
DA:84,3
DA:85,1
DA:86,0
DA:87,0
DA:88,0
DA:91,1
DA:92,1
DA:93,1
DA:95,1
DA:97,1
DA:98,1
DA:100,1
DA:101,1
DA:102,4
DA:108,1
DA:113,1
DA:114,2
DA:135,1
DA:136,0
DA:137,0
DA:138,0
DA:139,0
DA:140,0
DA:141,0
DA:149,0
DA:150,0
DA:151,0
DA:152,0
DA:153,0
DA:161,0
DA:162,0
DA:163,0
DA:164,0
DA:165,0
DA:169,0
DA:170,0
DA:175,1
DA:176,1
DA:177,1
DA:182,2
DA:183,1
DA:184,0
DA:185,1
DA:186,1
DA:187,0
DA:189,1
DA:198,1
DA:199,1
DA:200,1
DA:201,1
DA:202,1
DA:203,1
DA:204,1
DA:205,1
DA:206,1
DA:208,4
DA:209,5
DA:210,4
DA:215,1
DA:230,1
DA:231,3
DA:235,1
DA:239,1
DA:241,1
DA:245,2
DA:247,1
DA:249,1
DA:250,1
DA:251,1
DA:257,1
DA:259,1
DA:260,1
DA:261,1
DA:262,1
DA:263,1
DA:266,1
DA:267,1
DA:270,1
DA:271,1
DA:275,1
DA:277,1
DA:278,2
DA:283,1
DA:284,2
DA:285,1
DA:287,2
DA:290,1
DA:291,1
DA:292,1
DA:293,1
DA:295,1
DA:296,1
LF:125
LH:102
end_of_record
SF:lib/app/features/login/presentation/cubit/login_state.dart
DA:4,15
DA:6,0
DA:7,0
DA:11,15
DA:13,0
DA:14,0
DA:18,15
DA:20,1
DA:21,1
DA:25,14
DA:27,1
DA:28,1
DA:32,14
DA:35,1
DA:36,2
LF:15
LH:11
end_of_record
SF:lib/app/features/login/presentation/cubit/login_cubit.dart
DA:9,2
DA:13,1
DA:18,1
DA:19,2
DA:20,1
DA:22,1
LF:6
LH:6
end_of_record
SF:lib/app/features/login/presentation/page/login_page.dart
DA:10,1
DA:17,1
DA:18,1
DA:28,1
DA:30,2
DA:31,2
DA:32,2
DA:33,2
DA:34,2
DA:35,1
DA:38,1
DA:40,2
DA:41,2
DA:42,2
DA:43,2
DA:44,2
DA:45,1
DA:48,1
DA:49,3
DA:50,3
DA:51,3
DA:52,2
DA:53,2
DA:58,1
DA:60,1
DA:62,1
DA:64,1
DA:65,1
DA:67,1
DA:70,1
DA:71,1
DA:76,1
DA:77,1
DA:78,1
DA:82,0
DA:83,0
DA:88,1
DA:89,1
DA:90,1
DA:94,1
DA:95,1
DA:99,1
DA:100,2
DA:101,0
DA:102,0
DA:103,0
DA:104,0
DA:105,0
DA:106,0
DA:110,1
DA:111,1
DA:114,1
DA:115,1
DA:116,1
LF:54
LH:46
end_of_record
SF:lib/app/features/splash/presentation/page/splash_page.dart
DA:9,0
DA:16,0
DA:18,0
DA:19,0
DA:20,0
DA:21,0
DA:22,0
DA:23,0
DA:24,0
DA:27,0
DA:29,0
DA:30,0
DA:33,0
DA:34,0
LF:14
LH:0
end_of_record
SF:lib/app/core/errors/cars_errors.dart
DA:4,57
DA:8,1
DA:10,0
DA:11,0
DA:15,1
DA:17,2
DA:21,0
DA:22,0
DA:26,1
DA:28,0
DA:29,0
DA:33,29
DA:35,1
DA:36,2
DA:40,28
DA:42,0
DA:43,0
LF:17
LH:9
end_of_record
SF:lib/app/core/extensions/price_extension.dart
DA:4,2
DA:5,2
DA:9,2
LF:3
LH:3
end_of_record
SF:lib/app/core/types/car_search_result.dart
DA:7,4
DA:9,0
DA:10,0
DA:14,3
DA:17,0
DA:18,0
DA:22,3
DA:26,0
DA:27,0
DA:31,4
DA:36,0
DA:37,0
LF:12
LH:4
end_of_record
SF:lib/app/features/home/data/model/car_model.dart
DA:5,4
DA:13,4
DA:15,4
DA:16,4
DA:17,4
DA:18,4
DA:19,4
DA:20,4
DA:27,0
DA:34,0
DA:35,0
DA:36,0
DA:37,0
DA:38,0
DA:39,0
DA:49,1
DA:50,6
LF:17
LH:10
end_of_record
SF:lib/app/core/validators/email_validator.dart
DA:2,0
DA:3,6
DA:7,0
DA:9,2
DA:10,2
DA:13,4
LF:6
LH:4
end_of_record
SF:lib/app/design/components/button.dart
DA:17,2
DA:32,2
DA:33,2
DA:34,2
DA:36,1
DA:38,1
DA:39,1
DA:43,2
DA:44,2
DA:45,2
DA:47,1
DA:49,1
DA:50,1
DA:54,2
DA:55,2
DA:56,2
DA:58,1
DA:60,0
DA:65,2
DA:66,4
DA:67,0
DA:76,2
DA:78,2
DA:81,2
DA:83,2
DA:84,2
DA:85,2
DA:86,2
DA:88,2
DA:89,2
DA:91,2
DA:92,2
DA:93,1
DA:94,3
DA:95,1
DA:96,1
DA:99,2
DA:100,2
DA:101,2
DA:102,2
LF:40
LH:38
end_of_record
SF:lib/app/features/home/domain/use_case/get_cached_cars.dart
DA:9,1
DA:13,1
DA:16,2
DA:18,1
LF:4
LH:4
end_of_record
SF:lib/app/features/home/domain/use_case/get_car_by_vin.dart
DA:12,1
DA:22,1
DA:25,2
DA:26,3
DA:27,2
DA:29,1
DA:30,1
DA:31,2
DA:32,4
DA:38,1
DA:39,3
DA:43,1
DA:44,1
DA:45,1
DA:46,1
DA:56,2
DA:58,1
DA:59,1
LF:18
LH:18
end_of_record
SF:lib/app/features/home/presentation/cubit/car_search_state.dart
DA:4,17
DA:6,0
DA:7,0
DA:11,17
DA:14,1
DA:15,2
DA:19,15
DA:21,1
DA:22,1
DA:26,2
DA:29,1
DA:30,2
DA:34,1
DA:38,1
DA:39,3
DA:43,15
DA:47,1
DA:48,3
LF:18
LH:16
end_of_record
SF:lib/app/features/home/presentation/cubit/car_search_cubit.dart
DA:13,1
DA:16,1
DA:21,1
DA:23,1
DA:24,2
DA:26,1
DA:27,3
DA:28,1
DA:29,4
DA:30,1
DA:31,4
DA:33,0
DA:36,1
DA:40,1
DA:41,2
DA:42,2
LF:16
LH:15
end_of_record
SF:lib/app/features/home/presentation/widgets/car_loading_widget.dart
DA:4,13
DA:6,1
DA:8,3
DA:9,1
DA:10,1
LF:5
LH:5
end_of_record
SF:lib/app/features/home/presentation/widgets/no_car_found_widget.dart
DA:5,13
DA:7,1
DA:9,3
DA:10,1
DA:11,1
LF:5
LH:5
end_of_record
SF:lib/app/features/home/presentation/widgets/similar_cars_by_vin_modal.dart
DA:6,2
DA:13,1
DA:15,3
DA:16,1
DA:18,1
DA:19,1
DA:20,1
DA:22,1
DA:24,1
DA:25,1
DA:34,1
DA:36,0
DA:42,1
DA:43,1
DA:44,2
DA:45,1
DA:46,2
DA:47,1
DA:48,4
DA:49,4
DA:50,3
LF:21
LH:20
end_of_record
SF:lib/app/features/login/domain/use_case/save_user.dart
DA:9,1
DA:12,1
DA:14,1
DA:16,2
DA:17,1
DA:20,2
DA:21,1
LF:7
LH:7
end_of_record
SF:lib/app/features/home/data/repository/car_search_repository_impl.dart
DA:14,1
DA:18,1
DA:21,2
DA:22,1
DA:23,1
DA:28,2
DA:30,2
DA:31,2
DA:35,2
DA:37,2
DA:38,4
DA:39,1
DA:43,2
DA:44,2
DA:45,1
DA:46,3
DA:49,2
DA:50,1
DA:51,1
DA:52,1
DA:56,1
DA:58,1
DA:60,1
LF:23
LH:23
end_of_record
SF:lib/app/common/auth/data/data_source/auth_local_data_source.dart
DA:7,1
DA:10,1
DA:11,1
DA:12,1
DA:21,1
DA:24,1
DA:25,4
DA:27,2
DA:36,1
DA:39,1
DA:40,3
LF:11
LH:11
end_of_record
SF:lib/app/core/utils/cos_strings.dart
DA:2,0
LF:1
LH:0
end_of_record
SF:lib/app/common/local_database/boxes.dart
DA:7,0
DA:9,3
DA:10,0
LF:3
LH:1
end_of_record
