SF:lib/app/core/validators/email_validator.dart
DA:2,0
DA:3,3
DA:7,0
DA:9,1
DA:10,1
DA:13,2
LF:6
LH:4
end_of_record
SF:lib/app/core/validators/vin_validator.dart
DA:4,0
DA:5,3
DA:6,3
DA:10,0
DA:12,1
DA:13,1
DA:17,2
DA:21,2
DA:25,3
LF:9
LH:7
end_of_record
SF:lib/app/common/client/cos_client.dart
DA:17,0
DA:79,0
DA:80,0
DA:81,0
DA:82,0
DA:83,0
DA:84,0
DA:85,0
DA:86,0
DA:87,0
DA:88,0
DA:89,0
DA:90,0
DA:93,0
DA:94,0
DA:106,0
DA:112,0
DA:114,0
DA:116,0
DA:121,0
DA:127,0
DA:144,0
DA:146,0
DA:148,0
DA:158,0
DA:159,0
DA:165,0
DA:167,0
DA:168,0
DA:176,0
DA:180,0
DA:181,0
DA:182,0
LF:33
LH:0
end_of_record
SF:lib/app/features/home/data/model/car_info_model.dart
DA:6,3
DA:24,3
DA:26,3
DA:27,3
DA:28,3
DA:29,3
DA:30,3
DA:31,3
DA:32,3
DA:33,3
DA:34,3
DA:35,3
DA:36,3
DA:37,3
DA:38,3
DA:39,3
DA:40,3
DA:41,3
DA:42,3
DA:49,0
DA:50,0
DA:51,0
DA:52,0
DA:53,0
DA:54,0
DA:55,0
DA:56,0
DA:57,0
DA:58,0
DA:59,0
DA:60,0
DA:61,0
DA:62,0
DA:63,0
DA:64,0
DA:65,0
DA:66,0
DA:87,0
DA:88,0
DA:89,0
DA:90,0
DA:91,0
DA:92,0
DA:93,0
DA:94,0
DA:95,0
DA:96,0
DA:97,0
DA:98,0
DA:99,0
DA:100,0
DA:101,0
DA:102,0
DA:103,0
DA:104,0
DA:109,0
DA:127,0
DA:128,0
DA:129,0
DA:130,0
DA:131,0
DA:132,0
DA:133,0
DA:134,0
DA:135,0
DA:136,0
DA:137,0
DA:138,0
DA:140,0
DA:141,0
DA:143,0
DA:144,0
DA:146,0
DA:150,0
DA:151,0
DA:152,0
DA:153,0
DA:154,0
DA:155,0
DA:156,0
DA:157,0
DA:158,0
DA:159,0
DA:160,0
DA:161,0
DA:162,0
DA:163,0
DA:164,0
DA:165,0
DA:166,0
DA:167,0
LF:91
LH:19
end_of_record
SF:lib/app/features/home/domain/use_case/get_cached_cars.dart
DA:9,1
DA:13,1
DA:16,2
DA:18,1
LF:4
LH:4
end_of_record
SF:lib/app/common/auth/data/model/user_model.dart
DA:5,5
DA:10,1
DA:11,1
DA:12,1
DA:13,1
DA:20,0
DA:24,0
DA:25,0
DA:26,0
DA:30,1
DA:31,1
DA:32,1
DA:33,1
DA:37,1
DA:38,3
LF:15
LH:11
end_of_record
SF:lib/app/common/local_database/adapters/user_box.g.dart
DA:13,0
DA:15,0
DA:16,0
DA:17,0
DA:19,0
DA:20,0
DA:21,0
DA:25,1
DA:28,1
DA:29,1
DA:30,2
DA:31,1
DA:32,2
DA:35,0
DA:36,0
DA:38,0
DA:41,0
DA:42,0
DA:43,0
LF:19
LH:6
end_of_record
SF:lib/app/common/local_database/adapters/user_box.dart
DA:7,1
LF:1
LH:1
end_of_record
SF:lib/app/features/login/domain/use_case/save_user.dart
DA:9,1
DA:12,1
DA:14,1
DA:16,2
DA:17,1
DA:20,2
DA:21,1
LF:7
LH:7
end_of_record
SF:lib/app/common/local_database/adapters/car_info_box.g.dart
DA:13,0
DA:15,0
DA:16,0
DA:17,0
DA:19,0
DA:20,0
DA:21,0
DA:22,0
DA:23,0
DA:24,0
DA:25,0
DA:26,0
DA:27,0
DA:28,0
DA:29,0
DA:30,0
DA:31,0
DA:32,0
DA:33,0
DA:34,0
DA:35,0
DA:39,0
DA:42,0
DA:43,0
DA:44,0
DA:45,0
DA:46,0
DA:47,0
DA:48,0
DA:49,0
DA:50,0
DA:51,0
DA:52,0
DA:53,0
DA:54,0
DA:55,0
DA:56,0
DA:57,0
DA:58,0
DA:59,0
DA:60,0
DA:61,0
DA:62,0
DA:63,0
DA:64,0
DA:65,0
DA:66,0
DA:67,0
DA:68,0
DA:69,0
DA:70,0
DA:71,0
DA:72,0
DA:73,0
DA:74,0
DA:77,0
DA:78,0
DA:80,0
DA:83,0
DA:84,0
DA:85,0
LF:61
LH:0
end_of_record
SF:lib/app/common/local_database/adapters/car_info_box.dart
DA:7,0
LF:1
LH:0
end_of_record
SF:lib/app/core/errors/cars_errors.dart
DA:4,19
DA:8,1
DA:10,0
DA:11,0
DA:15,1
DA:17,2
DA:21,0
DA:22,0
DA:26,1
DA:28,0
DA:29,0
DA:33,7
DA:35,0
DA:36,0
DA:40,12
DA:42,0
DA:43,0
LF:17
LH:7
end_of_record
SF:lib/app/core/errors/failure.dart
DA:4,23
DA:7,0
DA:8,0
DA:10,0
DA:11,0
LF:5
LH:1
end_of_record
SF:lib/app/core/types/car_search_result.dart
DA:7,3
DA:9,0
DA:10,0
DA:14,2
DA:17,0
DA:18,0
DA:22,2
DA:26,0
DA:27,0
DA:31,3
DA:36,0
DA:37,0
LF:12
LH:4
end_of_record
SF:lib/app/features/home/data/model/car_model.dart
DA:5,2
DA:13,2
DA:15,2
DA:16,2
DA:17,2
DA:18,2
DA:19,2
DA:20,2
DA:27,0
DA:28,0
DA:29,0
DA:30,0
DA:31,0
DA:32,0
DA:33,0
DA:37,0
DA:44,0
DA:45,0
DA:46,0
DA:47,0
DA:48,0
DA:49,0
DA:59,0
DA:60,0
LF:24
LH:8
end_of_record
SF:lib/app/features/home/domain/use_case/get_car_by_vin.dart
DA:12,1
DA:22,1
DA:25,2
DA:26,3
DA:27,2
DA:29,1
DA:30,1
DA:31,2
DA:32,4
DA:38,1
DA:39,3
DA:43,1
DA:44,1
DA:45,1
DA:46,1
DA:56,2
DA:58,1
DA:59,1
LF:18
LH:18
end_of_record
SF:lib/app/features/home/data/repository/car_search_repository_impl.dart
DA:14,1
DA:18,1
DA:21,2
DA:22,1
DA:23,1
DA:28,2
DA:30,2
DA:31,2
DA:35,2
DA:37,2
DA:38,4
DA:39,1
DA:43,2
DA:44,2
DA:45,1
DA:46,3
DA:49,2
DA:50,1
DA:51,1
DA:52,1
DA:56,1
DA:58,1
DA:60,1
LF:23
LH:23
end_of_record
SF:lib/app/core/errors/users_errors.dart
DA:4,4
DA:8,1
DA:10,0
DA:11,0
DA:15,3
DA:17,1
DA:18,2
LF:7
LH:5
end_of_record
SF:lib/app/features/login/presentation/cubit/login_state.dart
DA:4,3
DA:6,0
DA:7,0
DA:11,3
DA:13,0
DA:14,0
DA:18,3
DA:20,1
DA:21,1
DA:25,3
DA:27,1
DA:28,1
DA:32,3
DA:35,1
DA:36,2
LF:15
LH:11
end_of_record
SF:lib/app/features/login/presentation/cubit/login_cubit.dart
DA:9,2
DA:13,1
DA:18,1
DA:19,2
DA:20,1
DA:22,1
LF:6
LH:6
end_of_record
SF:lib/app/common/auth/data/data_source/auth_local_data_source.dart
DA:7,1
DA:10,1
DA:11,1
DA:12,1
DA:21,1
DA:24,1
DA:25,4
DA:27,2
DA:36,1
DA:39,1
DA:40,3
LF:11
LH:11
end_of_record
SF:lib/app/core/utils/cos_strings.dart
DA:2,0
LF:1
LH:0
end_of_record
SF:lib/app/common/local_database/boxes.dart
DA:7,0
DA:9,3
DA:10,0
LF:3
LH:1
end_of_record
